{"code":"ENOENT","errno":-2,"level":"error","message":"Test failed: ENOENT: no such file or directory, open '/Users/avijitbera/Projects/Typescript/ZapCache/src/examples/certs/public-cert.pem'","path":"/Users/avijitbera/Projects/Typescript/ZapCache/src/examples/certs/public-cert.pem","stack":"Error: ENOENT: no such file or directory, open '/Users/avijitbera/Projects/Typescript/ZapCache/src/examples/certs/public-cert.pem'\n    at Object.openSync (node:fs:561:18)\n    at readFileSync (node:fs:445:35)\n    at /Users/avijitbera/Projects/Typescript/ZapCache/src/client/client.ts:21:29\n    at new Promise (<anonymous>)\n    at DatabaseClient.connect (/Users/avijitbera/Projects/Typescript/ZapCache/src/client/client.ts:16:12)\n    at testDatabase (/Users/avijitbera/Projects/Typescript/ZapCache/src/examples/test_client.ts:9:18)\n    at Object.<anonymous> (/Users/avijitbera/Projects/Typescript/ZapCache/src/examples/test_client.ts:57:1)\n    at Module._compile (node:internal/modules/cjs/loader:1546:14)\n    at Module.m._compile (/Users/avijitbera/Projects/Typescript/ZapCache/node_modules/ts-node/src/index.ts:1618:23)\n    at node:internal/modules/cjs/loader:1689:10","syscall":"open","timestamp":"2024-12-23T06:58:55.591Z"}
{"level":"info","message":"Disconnected from server","timestamp":"2024-12-23T06:58:55.592Z"}
{"code":"ENOENT","errno":-2,"level":"error","message":"Test failed: ENOENT: no such file or directory, open '/Users/avijitbera/Projects/Typescript/ZapCache/src/examples/certs/public-cert.pem'","path":"/Users/avijitbera/Projects/Typescript/ZapCache/src/examples/certs/public-cert.pem","stack":"Error: ENOENT: no such file or directory, open '/Users/avijitbera/Projects/Typescript/ZapCache/src/examples/certs/public-cert.pem'\n    at Object.openSync (node:fs:561:18)\n    at readFileSync (node:fs:445:35)\n    at /Users/avijitbera/Projects/Typescript/ZapCache/src/client/client.ts:21:29\n    at new Promise (<anonymous>)\n    at DatabaseClient.connect (/Users/avijitbera/Projects/Typescript/ZapCache/src/client/client.ts:16:12)\n    at testDatabase (/Users/avijitbera/Projects/Typescript/ZapCache/src/examples/test_client.ts:9:18)\n    at Object.<anonymous> (/Users/avijitbera/Projects/Typescript/ZapCache/src/examples/test_client.ts:57:1)\n    at Module._compile (node:internal/modules/cjs/loader:1546:14)\n    at Module.m._compile (/Users/avijitbera/Projects/Typescript/ZapCache/node_modules/ts-node/src/index.ts:1618:23)\n    at node:internal/modules/cjs/loader:1689:10","syscall":"open","timestamp":"2024-12-23T07:16:35.950Z"}
{"level":"info","message":"Disconnected from server","timestamp":"2024-12-23T07:16:35.952Z"}
{"level":"info","message":"Connected to database server","timestamp":"2024-12-23T07:22:22.285Z"}
{"level":"info","message":"Connected successfully","timestamp":"2024-12-23T07:22:22.287Z"}
{"level":"info","message":"Testing SET command...","timestamp":"2024-12-23T07:22:22.287Z"}
{"level":"error","message":"Test failed: Unexpected token 'W', \"Welcome to\"... is not valid JSON","stack":"SyntaxError: Unexpected token 'W', \"Welcome to\"... is not valid JSON\n    at JSON.parse (<anonymous>)\n    at TLSSocket.<anonymous> (/Users/avijitbera/Projects/Typescript/ZapCache/src/client/client.ts:48:33)\n    at Object.onceWrapper (node:events:633:26)\n    at TLSSocket.emit (node:events:518:28)\n    at TLSSocket.emit (node:domain:489:12)\n    at addChunk (node:internal/streams/readable:561:12)\n    at readableAddChunkPushByteMode (node:internal/streams/readable:512:3)\n    at TLSSocket.Readable.push (node:internal/streams/readable:392:5)\n    at TLSWrap.onStreamRead (node:internal/stream_base_commons:189:23)","timestamp":"2024-12-23T07:22:22.290Z"}
{"level":"info","message":"Disconnected from server","timestamp":"2024-12-23T07:22:22.291Z"}
{"level":"info","message":"Connected to database server","timestamp":"2024-12-23T07:27:55.863Z"}
{"level":"info","message":"Connected successfully","timestamp":"2024-12-23T07:27:55.864Z"}
{"level":"info","message":"Testing SET command...","timestamp":"2024-12-23T07:27:55.864Z"}
{"data":"OK","level":"info","message":"SET result:","status":"success","timestamp":"2024-12-23T07:27:55.866Z"}
{"level":"info","message":"Testing GET command...","timestamp":"2024-12-23T07:27:55.867Z"}
{"data":"test-value","level":"info","message":"GET result:","status":"success","timestamp":"2024-12-23T07:27:55.867Z"}
{"level":"info","message":"Testing KEYS command...","timestamp":"2024-12-23T07:27:55.867Z"}
{"data":["test-key"],"level":"info","message":"KEYS result:","status":"success","timestamp":"2024-12-23T07:27:55.867Z"}
{"level":"info","message":"Testing DEL command...","timestamp":"2024-12-23T07:27:55.868Z"}
{"data":1,"level":"info","message":"DEL result:","status":"success","timestamp":"2024-12-23T07:27:55.868Z"}
{"level":"info","message":"Verifying deletion...","timestamp":"2024-12-23T07:27:55.868Z"}
{"data":null,"level":"info","message":"GET after DELETE:","status":"success","timestamp":"2024-12-23T07:27:55.868Z"}
{"level":"info","message":"Testing CLEAR command...","timestamp":"2024-12-23T07:27:55.868Z"}
{"data":"OK","level":"info","message":"CLEAR result:","status":"success","timestamp":"2024-12-23T07:27:55.869Z"}
{"data":[],"level":"info","message":"Keys after CLEAR:","status":"success","timestamp":"2024-12-23T07:27:55.870Z"}
{"level":"info","message":"Disconnected from server","timestamp":"2024-12-23T07:27:55.870Z"}
{"level":"info","message":"Connected to database server","timestamp":"2024-12-24T09:43:21.888Z"}
{"level":"info","message":"Connected successfully","timestamp":"2024-12-24T09:43:21.889Z"}
{"level":"info","message":"Testing user registration...","timestamp":"2024-12-24T09:43:21.890Z"}
{"data":"OK","level":"info","message":"Register result:","status":"success","timestamp":"2024-12-24T09:43:21.891Z"}
{"level":"info","message":"Testing SET command...","timestamp":"2024-12-24T09:43:21.892Z"}
{"data":"OK","level":"info","message":"SET result:","status":"success","timestamp":"2024-12-24T09:43:21.892Z"}
{"level":"info","message":"Testing GET command...","timestamp":"2024-12-24T09:43:21.892Z"}
{"data":"OK","level":"info","message":"GET result:","status":"success","timestamp":"2024-12-24T09:43:21.893Z"}
{"level":"info","message":"Testing KEYS command...","timestamp":"2024-12-24T09:43:21.893Z"}
{"data":"OK","level":"info","message":"KEYS result:","status":"success","timestamp":"2024-12-24T09:43:21.893Z"}
{"level":"info","message":"Testing DEL command...","timestamp":"2024-12-24T09:43:21.894Z"}
{"data":"OK","level":"info","message":"DEL result:","status":"success","timestamp":"2024-12-24T09:43:21.894Z"}
{"level":"info","message":"Connected to database server","timestamp":"2024-12-24T09:43:21.896Z"}
{"level":"info","message":"Data isolation test:","timestamp":"2024-12-24T09:43:21.898Z"}
{"data":"OK","level":"info","message":"User 1 data:","status":"success","timestamp":"2024-12-24T09:43:21.898Z"}
{"data":"OK","level":"info","message":"User 2 data:","status":"success","timestamp":"2024-12-24T09:43:21.898Z"}
{"level":"info","message":"Disconnected from server","timestamp":"2024-12-24T09:43:21.898Z"}
{"level":"info","message":"Connected to database server","timestamp":"2024-12-24T10:16:01.611Z"}
{"level":"info","message":"Connected successfully","timestamp":"2024-12-24T10:16:01.613Z"}
{"level":"info","message":"Testing user registration...","timestamp":"2024-12-24T10:16:01.613Z"}
{"data":{"token":"2ef89159b9d0450b08cccecc6122972c9ff454dcc00b3b850571b677b0976589","userId":"ae5deb822e0d71992900471a7199d0d95b8e7c9d05c40a8245a281fd2c1d6684"},"level":"info","message":"Register result:","status":"success","timestamp":"2024-12-24T10:16:01.615Z"}
{"level":"info","message":"Testing SET command...","timestamp":"2024-12-24T10:16:01.615Z"}
{"data":"OK","level":"info","message":"SET result:","status":"success","timestamp":"2024-12-24T10:16:01.616Z"}
{"level":"info","message":"Testing GET command...","timestamp":"2024-12-24T10:16:01.616Z"}
{"data":"OK","level":"info","message":"GET result:","status":"success","timestamp":"2024-12-24T10:16:01.616Z"}
{"level":"info","message":"Testing KEYS command...","timestamp":"2024-12-24T10:16:01.616Z"}
{"data":"OK","level":"info","message":"KEYS result:","status":"success","timestamp":"2024-12-24T10:16:01.617Z"}
{"level":"info","message":"Testing DEL command...","timestamp":"2024-12-24T10:16:01.617Z"}
{"data":"OK","level":"info","message":"DEL result:","status":"success","timestamp":"2024-12-24T10:16:01.617Z"}
{"level":"info","message":"Connected to database server","timestamp":"2024-12-24T10:16:01.619Z"}
{"level":"info","message":"Data isolation test:","timestamp":"2024-12-24T10:16:01.621Z"}
{"data":"OK","level":"info","message":"User 1 data:","status":"success","timestamp":"2024-12-24T10:16:01.621Z"}
{"data":"OK","level":"info","message":"User 2 data:","status":"success","timestamp":"2024-12-24T10:16:01.621Z"}
{"level":"info","message":"Disconnected from server","timestamp":"2024-12-24T10:16:01.622Z"}
{"level":"info","message":"Connected to database server","timestamp":"2024-12-24T10:20:55.263Z"}
{"level":"info","message":"Connected successfully","timestamp":"2024-12-24T10:20:55.266Z"}
{"level":"info","message":"Testing user registration...","timestamp":"2024-12-24T10:20:55.266Z"}
{"data":{"token":"f67abcac1ccfa640906f910930af7c3c27e3670c5666b5f00ecc1b3c1d027348","userId":"ae5deb822e0d71992900471a7199d0d95b8e7c9d05c40a8245a281fd2c1d6684"},"level":"info","message":"Register result:","status":"success","timestamp":"2024-12-24T10:20:55.268Z"}
{"level":"info","message":"Testing SET command...","timestamp":"2024-12-24T10:20:55.268Z"}
{"data":"OK","level":"info","message":"SET result:","status":"success","timestamp":"2024-12-24T10:20:55.269Z"}
{"level":"info","message":"Testing GET command...","timestamp":"2024-12-24T10:20:55.269Z"}
{"data":null,"level":"info","message":"GET result:","status":"success","timestamp":"2024-12-24T10:20:55.270Z"}
{"level":"info","message":"Testing KEYS command...","timestamp":"2024-12-24T10:20:55.270Z"}
{"data":["test-value"],"level":"info","message":"KEYS result:","status":"success","timestamp":"2024-12-24T10:20:55.271Z"}
{"level":"info","message":"Testing DEL command...","timestamp":"2024-12-24T10:20:55.271Z"}
{"data":0,"level":"info","message":"DEL result:","status":"success","timestamp":"2024-12-24T10:20:55.271Z"}
{"level":"info","message":"Connected to database server","timestamp":"2024-12-24T10:20:55.274Z"}
{"level":"info","message":"Data isolation test:","timestamp":"2024-12-24T10:20:55.275Z"}
{"data":null,"level":"info","message":"User 1 data:","status":"success","timestamp":"2024-12-24T10:20:55.275Z"}
{"data":null,"level":"info","message":"User 2 data:","status":"success","timestamp":"2024-12-24T10:20:55.276Z"}
{"level":"info","message":"Disconnected from server","timestamp":"2024-12-24T10:20:55.276Z"}
